2017-04-29 10:45:56 INFO  Main:90 - РџРѕРґРєР»СЋС‡РµРЅРёРµ
2017-04-29 10:45:57 ERROR Main:96 - java.net.ConnectException: Connection refused: connect
2017-04-29 10:46:17 INFO  Main:76 - РћС‚РєР»СЋС‡РµРЅРёРµ
2017-04-29 10:46:19 INFO  Main:76 - РћС‚РєР»СЋС‡РµРЅРёРµ
2017-04-29 11:08:58 INFO  Main:90 - РџРѕРґРєР»СЋС‡РµРЅРёРµ
2017-04-29 11:09:21 INFO  Main:109 - РћС‚РїСЂР°РІР»РµРЅ РїР°РєРµС‚1
2017-04-29 11:09:21 INFO  Main:47 - РћР¶РёРґР°РЅРёРµ РѕС‚РІРµС‚Р° СЃРµСЂРІРµСЂР°
2017-04-29 11:09:21 INFO  Main:62 - РџРѕР»СѓС‡РµРЅ РїР°РєРµС‚: 1
2017-04-29 11:09:26 INFO  Main:109 - РћС‚РїСЂР°РІР»РµРЅ РїР°РєРµС‚2
2017-04-29 11:09:26 INFO  Main:47 - РћР¶РёРґР°РЅРёРµ РѕС‚РІРµС‚Р° СЃРµСЂРІРµСЂР°
2017-04-29 11:09:26 INFO  Main:62 - РџРѕР»СѓС‡РµРЅ РїР°РєРµС‚: 2
2017-04-29 11:09:32 INFO  Main:109 - РћС‚РїСЂР°РІР»РµРЅ РїР°РєРµС‚2
2017-04-29 11:09:32 INFO  Main:47 - РћР¶РёРґР°РЅРёРµ РѕС‚РІРµС‚Р° СЃРµСЂРІРµСЂР°
2017-04-29 11:09:32 INFO  Main:62 - РџРѕР»СѓС‡РµРЅ РїР°РєРµС‚: 2
2017-04-29 11:09:38 INFO  Main:109 - РћС‚РїСЂР°РІР»РµРЅ РїР°РєРµС‚2
2017-04-29 11:09:38 INFO  Main:47 - РћР¶РёРґР°РЅРёРµ РѕС‚РІРµС‚Р° СЃРµСЂРІРµСЂР°
2017-04-29 11:09:38 INFO  Main:62 - РџРѕР»СѓС‡РµРЅ РїР°РєРµС‚: 2
2017-04-29 11:09:38 INFO  Main:109 - РћС‚РїСЂР°РІР»РµРЅ РїР°РєРµС‚5
2017-04-29 11:09:38 INFO  Main:47 - РћР¶РёРґР°РЅРёРµ РѕС‚РІРµС‚Р° СЃРµСЂРІРµСЂР°
2017-04-29 11:09:38 INFO  Main:62 - РџРѕР»СѓС‡РµРЅ РїР°РєРµС‚: 5
2017-04-29 11:09:46 INFO  Main:109 - РћС‚РїСЂР°РІР»РµРЅ РїР°РєРµС‚2
2017-04-29 11:09:46 INFO  Main:47 - РћР¶РёРґР°РЅРёРµ РѕС‚РІРµС‚Р° СЃРµСЂРІРµСЂР°
2017-04-29 11:09:46 INFO  Main:62 - РџРѕР»СѓС‡РµРЅ РїР°РєРµС‚: 2
2017-04-29 11:09:46 INFO  Main:109 - РћС‚РїСЂР°РІР»РµРЅ РїР°РєРµС‚3
2017-04-29 11:09:46 INFO  Main:47 - РћР¶РёРґР°РЅРёРµ РѕС‚РІРµС‚Р° СЃРµСЂРІРµСЂР°
2017-04-29 11:09:46 INFO  Main:62 - РџРѕР»СѓС‡РµРЅ РїР°РєРµС‚: 3
2017-04-29 11:09:49 INFO  Main:109 - РћС‚РїСЂР°РІР»РµРЅ РїР°РєРµС‚4
2017-04-29 11:09:49 INFO  Main:47 - РћР¶РёРґР°РЅРёРµ РѕС‚РІРµС‚Р° СЃРµСЂРІРµСЂР°
2017-04-29 11:09:49 INFO  Main:62 - РџРѕР»СѓС‡РµРЅ РїР°РєРµС‚: 4
2017-04-29 11:10:01 INFO  Main:109 - РћС‚РїСЂР°РІР»РµРЅ РїР°РєРµС‚2
2017-04-29 11:10:01 INFO  Main:47 - РћР¶РёРґР°РЅРёРµ РѕС‚РІРµС‚Р° СЃРµСЂРІРµСЂР°
2017-04-29 11:10:01 INFO  Main:62 - РџРѕР»СѓС‡РµРЅ РїР°РєРµС‚: 2
2017-04-29 11:10:01 INFO  Main:109 - РћС‚РїСЂР°РІР»РµРЅ РїР°РєРµС‚5
2017-04-29 11:10:01 INFO  Main:47 - РћР¶РёРґР°РЅРёРµ РѕС‚РІРµС‚Р° СЃРµСЂРІРµСЂР°
2017-04-29 11:10:01 INFO  Main:62 - РџРѕР»СѓС‡РµРЅ РїР°РєРµС‚: 5
2017-04-29 11:10:08 INFO  Main:109 - РћС‚РїСЂР°РІР»РµРЅ РїР°РєРµС‚2
2017-04-29 11:10:08 INFO  Main:47 - РћР¶РёРґР°РЅРёРµ РѕС‚РІРµС‚Р° СЃРµСЂРІРµСЂР°
2017-04-29 11:10:08 INFO  Main:62 - РџРѕР»СѓС‡РµРЅ РїР°РєРµС‚: 2
2017-04-29 11:10:08 INFO  Main:109 - РћС‚РїСЂР°РІР»РµРЅ РїР°РєРµС‚3
2017-04-29 11:10:08 INFO  Main:47 - РћР¶РёРґР°РЅРёРµ РѕС‚РІРµС‚Р° СЃРµСЂРІРµСЂР°
2017-04-29 11:10:08 INFO  Main:62 - РџРѕР»СѓС‡РµРЅ РїР°РєРµС‚: 3
2017-04-29 11:10:11 INFO  Main:109 - РћС‚РїСЂР°РІР»РµРЅ РїР°РєРµС‚4
2017-04-29 11:10:11 INFO  Main:47 - РћР¶РёРґР°РЅРёРµ РѕС‚РІРµС‚Р° СЃРµСЂРІРµСЂР°
2017-04-29 11:10:11 INFO  Main:62 - РџРѕР»СѓС‡РµРЅ РїР°РєРµС‚: 4
2017-04-29 11:10:24 INFO  Main:109 - РћС‚РїСЂР°РІР»РµРЅ РїР°РєРµС‚2
2017-04-29 11:10:24 INFO  Main:47 - РћР¶РёРґР°РЅРёРµ РѕС‚РІРµС‚Р° СЃРµСЂРІРµСЂР°
2017-04-29 11:10:24 INFO  Main:62 - РџРѕР»СѓС‡РµРЅ РїР°РєРµС‚: 2
2017-04-29 11:10:24 INFO  Main:109 - РћС‚РїСЂР°РІР»РµРЅ РїР°РєРµС‚5
2017-04-29 11:10:24 INFO  Main:47 - РћР¶РёРґР°РЅРёРµ РѕС‚РІРµС‚Р° СЃРµСЂРІРµСЂР°
2017-04-29 11:10:24 INFO  Main:62 - РџРѕР»СѓС‡РµРЅ РїР°РєРµС‚: 5
2017-04-29 11:11:05 INFO  DOMParser:70 - РЎРѕР·РґР°РЅ xml С„Р°Р№Р»
2017-04-29 11:11:05 INFO  Main:109 - РћС‚РїСЂР°РІР»РµРЅ РїР°РєРµС‚6
2017-04-29 11:11:05 INFO  Main:47 - РћР¶РёРґР°РЅРёРµ РѕС‚РІРµС‚Р° СЃРµСЂРІРµСЂР°
2017-04-29 11:11:05 INFO  Main:62 - РџРѕР»СѓС‡РµРЅ РїР°РєРµС‚: 6
2017-04-29 11:11:05 INFO  Main:109 - РћС‚РїСЂР°РІР»РµРЅ РїР°РєРµС‚5
2017-04-29 11:11:05 INFO  Main:47 - РћР¶РёРґР°РЅРёРµ РѕС‚РІРµС‚Р° СЃРµСЂРІРµСЂР°
2017-04-29 11:11:05 INFO  Main:62 - РџРѕР»СѓС‡РµРЅ РїР°РєРµС‚: 5
2017-04-29 11:12:06 INFO  DOMParser:70 - РЎРѕР·РґР°РЅ xml С„Р°Р№Р»
2017-04-29 11:12:06 INFO  Main:109 - РћС‚РїСЂР°РІР»РµРЅ РїР°РєРµС‚6
2017-04-29 11:12:06 INFO  Main:47 - РћР¶РёРґР°РЅРёРµ РѕС‚РІРµС‚Р° СЃРµСЂРІРµСЂР°
2017-04-29 11:12:06 INFO  Main:62 - РџРѕР»СѓС‡РµРЅ РїР°РєРµС‚: 6
2017-04-29 11:12:06 INFO  Main:109 - РћС‚РїСЂР°РІР»РµРЅ РїР°РєРµС‚5
2017-04-29 11:12:06 INFO  Main:47 - РћР¶РёРґР°РЅРёРµ РѕС‚РІРµС‚Р° СЃРµСЂРІРµСЂР°
2017-04-29 11:12:06 INFO  Main:62 - РџРѕР»СѓС‡РµРЅ РїР°РєРµС‚: 5
2017-04-29 11:12:51 INFO  DOMParser:70 - РЎРѕР·РґР°РЅ xml С„Р°Р№Р»
2017-04-29 11:12:51 INFO  Main:109 - РћС‚РїСЂР°РІР»РµРЅ РїР°РєРµС‚6
2017-04-29 11:12:51 INFO  Main:47 - РћР¶РёРґР°РЅРёРµ РѕС‚РІРµС‚Р° СЃРµСЂРІРµСЂР°
2017-04-29 11:12:51 INFO  Main:62 - РџРѕР»СѓС‡РµРЅ РїР°РєРµС‚: 6
2017-04-29 11:12:51 INFO  Main:109 - РћС‚РїСЂР°РІР»РµРЅ РїР°РєРµС‚5
2017-04-29 11:12:51 INFO  Main:47 - РћР¶РёРґР°РЅРёРµ РѕС‚РІРµС‚Р° СЃРµСЂРІРµСЂР°
2017-04-29 11:12:51 INFO  Main:62 - РџРѕР»СѓС‡РµРЅ РїР°РєРµС‚: 5
2017-04-29 11:12:59 INFO  Main:76 - РћС‚РєР»СЋС‡РµРЅРёРµ
2017-04-29 13:40:01 INFO  Main:90 - РџРѕРґРєР»СЋС‡РµРЅРёРµ
2017-04-29 13:40:07 INFO  Main:109 - РћС‚РїСЂР°РІР»РµРЅ РїР°РєРµС‚2
2017-04-29 13:40:07 INFO  Main:47 - РћР¶РёРґР°РЅРёРµ РѕС‚РІРµС‚Р° СЃРµСЂРІРµСЂР°
2017-04-29 13:40:07 INFO  Main:62 - РџРѕР»СѓС‡РµРЅ РїР°РєРµС‚: 2
2017-04-29 13:40:07 INFO  Main:109 - РћС‚РїСЂР°РІР»РµРЅ РїР°РєРµС‚5
2017-04-29 13:40:07 INFO  Main:47 - РћР¶РёРґР°РЅРёРµ РѕС‚РІРµС‚Р° СЃРµСЂРІРµСЂР°
2017-04-29 13:40:08 INFO  Main:62 - РџРѕР»СѓС‡РµРЅ РїР°РєРµС‚: 5
2017-04-29 13:40:12 INFO  Main:109 - РћС‚РїСЂР°РІР»РµРЅ РїР°РєРµС‚7
2017-04-29 13:40:12 INFO  Main:47 - РћР¶РёРґР°РЅРёРµ РѕС‚РІРµС‚Р° СЃРµСЂРІРµСЂР°
2017-04-29 13:40:12 INFO  Main:62 - РџРѕР»СѓС‡РµРЅ РїР°РєРµС‚: 7
2017-04-29 13:40:12 INFO  Main:109 - РћС‚РїСЂР°РІР»РµРЅ РїР°РєРµС‚7
2017-04-29 13:40:12 INFO  Main:47 - РћР¶РёРґР°РЅРёРµ РѕС‚РІРµС‚Р° СЃРµСЂРІРµСЂР°
2017-04-29 13:40:12 INFO  Main:62 - РџРѕР»СѓС‡РµРЅ РїР°РєРµС‚: 7
2017-04-29 13:40:15 INFO  Main:109 - РћС‚РїСЂР°РІР»РµРЅ РїР°РєРµС‚7
2017-04-29 13:40:15 INFO  Main:47 - РћР¶РёРґР°РЅРёРµ РѕС‚РІРµС‚Р° СЃРµСЂРІРµСЂР°
2017-04-29 13:40:15 INFO  Main:62 - РџРѕР»СѓС‡РµРЅ РїР°РєРµС‚: 7
2017-04-29 13:40:16 INFO  Main:109 - РћС‚РїСЂР°РІР»РµРЅ РїР°РєРµС‚7
2017-04-29 13:40:16 INFO  Main:47 - РћР¶РёРґР°РЅРёРµ РѕС‚РІРµС‚Р° СЃРµСЂРІРµСЂР°
2017-04-29 13:40:16 INFO  Main:62 - РџРѕР»СѓС‡РµРЅ РїР°РєРµС‚: 7
2017-04-29 13:40:18 INFO  Main:109 - РћС‚РїСЂР°РІР»РµРЅ РїР°РєРµС‚7
2017-04-29 13:40:18 INFO  Main:47 - РћР¶РёРґР°РЅРёРµ РѕС‚РІРµС‚Р° СЃРµСЂРІРµСЂР°
2017-04-29 13:40:18 INFO  Main:62 - РџРѕР»СѓС‡РµРЅ РїР°РєРµС‚: 7
2017-04-29 13:40:24 INFO  Main:109 - РћС‚РїСЂР°РІР»РµРЅ РїР°РєРµС‚7
2017-04-29 13:40:24 INFO  Main:47 - РћР¶РёРґР°РЅРёРµ РѕС‚РІРµС‚Р° СЃРµСЂРІРµСЂР°
2017-04-29 13:40:24 INFO  Main:62 - РџРѕР»СѓС‡РµРЅ РїР°РєРµС‚: 7
2017-04-29 13:40:35 INFO  Main:76 - РћС‚РєР»СЋС‡РµРЅРёРµ
2017-04-29 15:51:12 INFO  Main:90 - Подключение
2017-04-29 15:51:13 ERROR Main:96 - java.net.ConnectException: Connection refused: connect
2017-04-29 15:51:20 INFO  Main:76 - Отключение
2017-04-29 15:51:22 INFO  Main:76 - Отключение
2017-04-29 15:51:56 INFO  Main:90 - Подключение
2017-04-29 15:52:00 INFO  Main:109 - Отправлен пакет2
2017-04-29 15:52:00 INFO  Main:47 - Ожидание ответа сервера
2017-04-29 15:52:00 INFO  Main:62 - Получен пакет: 2
2017-04-29 15:52:00 INFO  Main:109 - Отправлен пакет5
2017-04-29 15:52:00 INFO  Main:47 - Ожидание ответа сервера
2017-04-29 15:52:00 INFO  Main:62 - Получен пакет: 5
2017-04-29 15:52:11 INFO  Main:76 - Отключение
2017-04-29 15:52:37 INFO  Main:90 - Подключение
2017-04-29 15:52:38 ERROR Main:96 - java.net.ConnectException: Connection refused: connect
2017-04-29 15:54:58 INFO  Main:90 - Подключение
2017-04-29 15:54:59 ERROR Main:96 - java.net.ConnectException: Connection refused: connect
2017-04-29 15:56:09 INFO  Main:90 - Подключение
2017-04-29 15:56:10 ERROR Main:96 - java.net.ConnectException: Connection refused: connect
2017-04-29 15:56:16 INFO  Main:76 - Отключение
2017-04-29 15:56:57 INFO  Main:90 - Подключение
2017-04-29 15:56:58 ERROR Main:96 - java.net.ConnectException: Connection refused: connect
2017-04-29 15:57:08 INFO  Main:76 - Отключение
2017-04-29 15:57:51 INFO  Main:90 - РџРѕРґРєР»СЋС‡РµРЅРёРµ
2017-04-29 15:57:52 ERROR Main:96 - java.net.ConnectException: Connection refused: connect
2017-04-29 15:58:35 INFO  Main:90 - РџРѕРґРєР»СЋС‡РµРЅРёРµ
2017-04-29 15:58:36 ERROR Main:96 - java.net.ConnectException: Connection refused: connect
2017-04-29 15:58:38 ERROR Main:112 - java.lang.NullPointerException
2017-04-29 15:58:40 INFO  Main:76 - РћС‚РєР»СЋС‡РµРЅРёРµ
2017-04-29 15:59:09 INFO  Main:76 - РћС‚РєР»СЋС‡РµРЅРёРµ
2017-04-29 15:59:11 INFO  Main:76 - РћС‚РєР»СЋС‡РµРЅРёРµ
2017-04-29 15:59:47 INFO  Main:91 - РџРѕРґРєР»СЋС‡РµРЅРёРµ
2017-04-29 15:59:48 ERROR Main:97 - java.net.ConnectException: Connection refused: connect
2017-04-29 15:59:50 ERROR Main:113 - java.lang.NullPointerException
2017-04-29 15:59:51 INFO  Main:76 - РћС‚РєР»СЋС‡РµРЅРёРµ
2017-04-29 15:59:53 INFO  Main:76 - РћС‚РєР»СЋС‡РµРЅРёРµ
2017-04-29 16:00:22 ERROR Main:113 - java.lang.NullPointerException
2017-04-29 16:00:24 INFO  Main:76 - РћС‚РєР»СЋС‡РµРЅРёРµ
2017-04-29 16:00:27 INFO  Main:76 - РћС‚РєР»СЋС‡РµРЅРёРµ
2017-04-29 16:00:45 INFO  Main:91 - РџРѕРґРєР»СЋС‡РµРЅРёРµ
2017-04-29 16:00:46 ERROR Main:97 - java.net.ConnectException: Connection refused: connect
2017-04-29 16:00:47 ERROR Main:113 - java.lang.NullPointerException
2017-04-29 16:00:48 INFO  Main:76 - РћС‚РєР»СЋС‡РµРЅРёРµ
2017-04-29 16:00:48 ERROR Main:81 - java.lang.NullPointerException
2017-04-29 16:01:00 INFO  Main:91 - Подключение
2017-04-29 16:01:01 ERROR Main:97 - java.net.ConnectException: Connection refused: connect
2017-04-29 16:01:03 ERROR Main:113 - java.lang.NullPointerException
2017-04-29 16:01:04 INFO  Main:76 - Отключение
2017-04-29 16:01:04 ERROR Main:81 - java.lang.NullPointerException
2017-04-29 16:02:04 INFO  Main:91 - Подключение
2017-04-29 16:02:05 ERROR Main:97 - java.net.ConnectException: Connection refused: connect
2017-04-29 16:02:07 ERROR Main:113 - java.lang.NullPointerException
2017-04-29 16:02:14 INFO  Main:76 - Отключение
2017-04-29 16:02:14 ERROR Main:81 - java.lang.NullPointerException
2017-05-02 00:23:05 INFO  Main:91 - РџРѕРґРєР»СЋС‡РµРЅРёРµ
2017-05-02 00:23:14 INFO  Main:110 - РћС‚РїСЂР°РІР»РµРЅ РїР°РєРµС‚2
2017-05-02 00:23:14 INFO  Main:47 - РћР¶РёРґР°РЅРёРµ РѕС‚РІРµС‚Р° СЃРµСЂРІРµСЂР°
2017-05-02 00:23:14 INFO  Main:62 - РџРѕР»СѓС‡РµРЅ РїР°РєРµС‚: 2
2017-05-02 00:23:14 INFO  Main:110 - РћС‚РїСЂР°РІР»РµРЅ РїР°РєРµС‚3
2017-05-02 00:23:14 INFO  Main:47 - РћР¶РёРґР°РЅРёРµ РѕС‚РІРµС‚Р° СЃРµСЂРІРµСЂР°
2017-05-02 00:23:14 INFO  Main:62 - РџРѕР»СѓС‡РµРЅ РїР°РєРµС‚: 3
2017-05-02 00:23:19 INFO  Main:76 - РћС‚РєР»СЋС‡РµРЅРёРµ
2017-05-02 00:29:49 INFO  Main:91 - Подключение
2017-05-02 00:29:55 INFO  Main:110 - Отправлен пакет2
2017-05-02 00:29:55 INFO  Main:47 - Ожидание ответа сервера
2017-05-02 00:29:55 INFO  Main:62 - Получен пакет: 2
2017-05-02 00:29:55 INFO  Main:110 - Отправлен пакет3
2017-05-02 00:29:55 INFO  Main:47 - Ожидание ответа сервера
2017-05-02 00:29:55 INFO  Main:62 - Получен пакет: 3
2017-05-02 00:29:59 INFO  Main:76 - Отключение
2017-05-02 00:30:51 INFO  Main:91 - Подключение
2017-05-02 00:30:56 INFO  Main:110 - Отправлен пакет2
2017-05-02 00:30:56 INFO  Main:47 - Ожидание ответа сервера
2017-05-02 00:30:56 INFO  Main:62 - Получен пакет: 2
2017-05-02 00:30:56 INFO  Main:110 - Отправлен пакет3
2017-05-02 00:30:56 INFO  Main:47 - Ожидание ответа сервера
2017-05-02 00:30:56 INFO  Main:62 - Получен пакет: 3
2017-05-02 00:30:59 INFO  Main:76 - Отключение
2017-05-02 00:48:21 INFO  Main:91 - Подключение
2017-05-02 00:48:29 INFO  Main:110 - Отправлен пакет2
2017-05-02 00:48:29 INFO  Main:47 - Ожидание ответа сервера
2017-05-02 00:48:29 INFO  Main:62 - Получен пакет: 2
2017-05-02 00:48:29 INFO  Main:110 - Отправлен пакет5
2017-05-02 00:48:29 INFO  Main:47 - Ожидание ответа сервера
2017-05-02 00:48:29 INFO  Main:62 - Получен пакет: 5
2017-05-02 00:48:31 INFO  Main:110 - Отправлен пакет7
2017-05-02 00:48:31 INFO  Main:47 - Ожидание ответа сервера
2017-05-02 00:48:31 INFO  Main:62 - Получен пакет: 7
2017-05-02 00:48:38 INFO  Main:110 - Отправлен пакет9
2017-05-02 00:48:38 INFO  Main:47 - Ожидание ответа сервера
2017-05-02 00:48:38 INFO  Main:62 - Получен пакет: 9
2017-05-02 00:48:38 INFO  Main:110 - Отправлен пакет5
2017-05-02 00:48:38 INFO  Main:47 - Ожидание ответа сервера
2017-05-02 00:48:38 INFO  Main:62 - Получен пакет: 5
2017-05-02 00:48:49 INFO  Main:76 - Отключение
2017-05-02 00:49:42 INFO  Main:91 - Подключение
2017-05-02 00:50:00 INFO  Main:76 - Отключение
2017-05-02 00:51:33 INFO  Main:91 - РџРѕРґРєР»СЋС‡РµРЅРёРµ
2017-05-02 00:51:38 INFO  Main:110 - РћС‚РїСЂР°РІР»РµРЅ РїР°РєРµС‚2
2017-05-02 00:51:38 INFO  Main:47 - РћР¶РёРґР°РЅРёРµ РѕС‚РІРµС‚Р° СЃРµСЂРІРµСЂР°
2017-05-02 00:51:38 INFO  Main:62 - РџРѕР»СѓС‡РµРЅ РїР°РєРµС‚: 2
2017-05-02 00:51:38 INFO  Main:110 - РћС‚РїСЂР°РІР»РµРЅ РїР°РєРµС‚3
2017-05-02 00:51:38 INFO  Main:47 - РћР¶РёРґР°РЅРёРµ РѕС‚РІРµС‚Р° СЃРµСЂРІРµСЂР°
2017-05-02 00:51:38 INFO  Main:62 - РџРѕР»СѓС‡РµРЅ РїР°РєРµС‚: 3
2017-05-02 00:51:44 INFO  Main:110 - РћС‚РїСЂР°РІР»РµРЅ РїР°РєРµС‚2
2017-05-02 00:51:44 INFO  Main:47 - РћР¶РёРґР°РЅРёРµ РѕС‚РІРµС‚Р° СЃРµСЂРІРµСЂР°
2017-05-02 00:51:44 INFO  Main:62 - РџРѕР»СѓС‡РµРЅ РїР°РєРµС‚: 2
2017-05-02 00:51:44 INFO  Main:110 - РћС‚РїСЂР°РІР»РµРЅ РїР°РєРµС‚5
2017-05-02 00:51:44 INFO  Main:47 - РћР¶РёРґР°РЅРёРµ РѕС‚РІРµС‚Р° СЃРµСЂРІРµСЂР°
2017-05-02 00:51:44 INFO  Main:62 - РџРѕР»СѓС‡РµРЅ РїР°РєРµС‚: 5
2017-05-02 00:51:46 INFO  Main:110 - РћС‚РїСЂР°РІР»РµРЅ РїР°РєРµС‚7
2017-05-02 00:51:46 INFO  Main:47 - РћР¶РёРґР°РЅРёРµ РѕС‚РІРµС‚Р° СЃРµСЂРІРµСЂР°
2017-05-02 00:51:46 INFO  Main:62 - РџРѕР»СѓС‡РµРЅ РїР°РєРµС‚: 7
2017-05-02 00:51:56 INFO  Main:110 - РћС‚РїСЂР°РІР»РµРЅ РїР°РєРµС‚7
2017-05-02 00:51:56 INFO  Main:47 - РћР¶РёРґР°РЅРёРµ РѕС‚РІРµС‚Р° СЃРµСЂРІРµСЂР°
2017-05-02 00:51:56 INFO  Main:62 - РџРѕР»СѓС‡РµРЅ РїР°РєРµС‚: 7
2017-05-02 00:51:58 INFO  Main:110 - РћС‚РїСЂР°РІР»РµРЅ РїР°РєРµС‚7
2017-05-02 00:51:58 INFO  Main:47 - РћР¶РёРґР°РЅРёРµ РѕС‚РІРµС‚Р° СЃРµСЂРІРµСЂР°
2017-05-02 00:51:58 INFO  Main:62 - РџРѕР»СѓС‡РµРЅ РїР°РєРµС‚: 7
2017-05-02 00:52:03 INFO  Main:76 - РћС‚РєР»СЋС‡РµРЅРёРµ
2017-05-02 01:03:13 INFO  Main:91 - РџРѕРґРєР»СЋС‡РµРЅРёРµ
2017-05-02 01:03:22 INFO  Main:110 - РћС‚РїСЂР°РІР»РµРЅ РїР°РєРµС‚2
2017-05-02 01:03:22 INFO  Main:47 - РћР¶РёРґР°РЅРёРµ РѕС‚РІРµС‚Р° СЃРµСЂРІРµСЂР°
2017-05-02 01:03:22 INFO  Main:62 - РџРѕР»СѓС‡РµРЅ РїР°РєРµС‚: 2
2017-05-02 01:03:22 INFO  Main:110 - РћС‚РїСЂР°РІР»РµРЅ РїР°РєРµС‚5
2017-05-02 01:03:22 INFO  Main:47 - РћР¶РёРґР°РЅРёРµ РѕС‚РІРµС‚Р° СЃРµСЂРІРµСЂР°
2017-05-02 01:03:22 INFO  Main:62 - РџРѕР»СѓС‡РµРЅ РїР°РєРµС‚: 5
2017-05-02 01:03:29 INFO  DOMParser:70 - РЎРѕР·РґР°РЅ xml С„Р°Р№Р»
2017-05-02 01:03:29 INFO  Main:110 - РћС‚РїСЂР°РІР»РµРЅ РїР°РєРµС‚6
2017-05-02 01:03:29 INFO  Main:47 - РћР¶РёРґР°РЅРёРµ РѕС‚РІРµС‚Р° СЃРµСЂРІРµСЂР°
2017-05-02 01:03:29 INFO  Main:62 - РџРѕР»СѓС‡РµРЅ РїР°РєРµС‚: 6
2017-05-02 01:03:29 INFO  Main:110 - РћС‚РїСЂР°РІР»РµРЅ РїР°РєРµС‚5
2017-05-02 01:03:29 INFO  Main:47 - РћР¶РёРґР°РЅРёРµ РѕС‚РІРµС‚Р° СЃРµСЂРІРµСЂР°
2017-05-02 01:03:29 INFO  Main:62 - РџРѕР»СѓС‡РµРЅ РїР°РєРµС‚: 5
2017-05-02 01:03:30 INFO  Main:110 - РћС‚РїСЂР°РІР»РµРЅ РїР°РєРµС‚7
2017-05-02 01:03:30 INFO  Main:47 - РћР¶РёРґР°РЅРёРµ РѕС‚РІРµС‚Р° СЃРµСЂРІРµСЂР°
2017-05-02 01:03:30 INFO  Main:62 - РџРѕР»СѓС‡РµРЅ РїР°РєРµС‚: 7
2017-05-02 01:03:33 INFO  Main:110 - РћС‚РїСЂР°РІР»РµРЅ РїР°РєРµС‚7
2017-05-02 01:03:33 INFO  Main:47 - РћР¶РёРґР°РЅРёРµ РѕС‚РІРµС‚Р° СЃРµСЂРІРµСЂР°
2017-05-02 01:03:33 INFO  Main:62 - РџРѕР»СѓС‡РµРЅ РїР°РєРµС‚: 7
2017-05-02 01:03:38 INFO  Main:110 - РћС‚РїСЂР°РІР»РµРЅ РїР°РєРµС‚7
2017-05-02 01:03:38 INFO  Main:47 - РћР¶РёРґР°РЅРёРµ РѕС‚РІРµС‚Р° СЃРµСЂРІРµСЂР°
2017-05-02 01:03:38 INFO  Main:62 - РџРѕР»СѓС‡РµРЅ РїР°РєРµС‚: 7
2017-05-02 01:03:41 INFO  Main:110 - РћС‚РїСЂР°РІР»РµРЅ РїР°РєРµС‚7
2017-05-02 01:03:41 INFO  Main:47 - РћР¶РёРґР°РЅРёРµ РѕС‚РІРµС‚Р° СЃРµСЂРІРµСЂР°
2017-05-02 01:03:41 INFO  Main:62 - РџРѕР»СѓС‡РµРЅ РїР°РєРµС‚: 7
2017-05-02 01:03:43 INFO  Main:110 - РћС‚РїСЂР°РІР»РµРЅ РїР°РєРµС‚7
2017-05-02 01:03:43 INFO  Main:47 - РћР¶РёРґР°РЅРёРµ РѕС‚РІРµС‚Р° СЃРµСЂРІРµСЂР°
2017-05-02 01:03:43 INFO  Main:62 - РџРѕР»СѓС‡РµРЅ РїР°РєРµС‚: 7
2017-05-02 02:11:20 INFO  Main:91 - РџРѕРґРєР»СЋС‡РµРЅРёРµ
2017-05-02 02:11:22 INFO  Main:110 - РћС‚РїСЂР°РІР»РµРЅ РїР°РєРµС‚2
2017-05-02 02:11:22 INFO  Main:47 - РћР¶РёРґР°РЅРёРµ РѕС‚РІРµС‚Р° СЃРµСЂРІРµСЂР°
2017-05-02 02:11:23 INFO  Main:62 - РџРѕР»СѓС‡РµРЅ РїР°РєРµС‚: 2
2017-05-02 02:11:23 INFO  Main:110 - РћС‚РїСЂР°РІР»РµРЅ РїР°РєРµС‚5
2017-05-02 02:11:23 INFO  Main:47 - РћР¶РёРґР°РЅРёРµ РѕС‚РІРµС‚Р° СЃРµСЂРІРµСЂР°
2017-05-02 02:11:23 INFO  Main:62 - РџРѕР»СѓС‡РµРЅ РїР°РєРµС‚: 5
2017-05-02 02:11:25 INFO  Main:110 - РћС‚РїСЂР°РІР»РµРЅ РїР°РєРµС‚7
2017-05-02 02:11:25 INFO  Main:47 - РћР¶РёРґР°РЅРёРµ РѕС‚РІРµС‚Р° СЃРµСЂРІРµСЂР°
2017-05-02 02:11:25 INFO  Main:62 - РџРѕР»СѓС‡РµРЅ РїР°РєРµС‚: 7
2017-05-02 02:11:36 INFO  Main:110 - РћС‚РїСЂР°РІР»РµРЅ РїР°РєРµС‚2
2017-05-02 02:11:36 INFO  Main:47 - РћР¶РёРґР°РЅРёРµ РѕС‚РІРµС‚Р° СЃРµСЂРІРµСЂР°
2017-05-02 02:11:36 INFO  Main:62 - РџРѕР»СѓС‡РµРЅ РїР°РєРµС‚: 2
2017-05-02 02:11:36 INFO  Main:110 - РћС‚РїСЂР°РІР»РµРЅ РїР°РєРµС‚3
2017-05-02 02:11:36 INFO  Main:47 - РћР¶РёРґР°РЅРёРµ РѕС‚РІРµС‚Р° СЃРµСЂРІРµСЂР°
2017-05-02 02:11:36 INFO  Main:62 - РџРѕР»СѓС‡РµРЅ РїР°РєРµС‚: 3
2017-05-02 02:11:42 INFO  Main:110 - РћС‚РїСЂР°РІР»РµРЅ РїР°РєРµС‚4
2017-05-02 02:11:42 INFO  Main:47 - РћР¶РёРґР°РЅРёРµ РѕС‚РІРµС‚Р° СЃРµСЂРІРµСЂР°
2017-05-02 02:11:42 INFO  Main:62 - РџРѕР»СѓС‡РµРЅ РїР°РєРµС‚: 4
2017-05-02 02:11:45 INFO  Main:110 - РћС‚РїСЂР°РІР»РµРЅ РїР°РєРµС‚2
2017-05-02 02:11:45 INFO  Main:47 - РћР¶РёРґР°РЅРёРµ РѕС‚РІРµС‚Р° СЃРµСЂРІРµСЂР°
2017-05-02 02:11:45 INFO  Main:62 - РџРѕР»СѓС‡РµРЅ РїР°РєРµС‚: 2
2017-05-02 02:11:45 INFO  Main:110 - РћС‚РїСЂР°РІР»РµРЅ РїР°РєРµС‚5
2017-05-02 02:11:45 INFO  Main:47 - РћР¶РёРґР°РЅРёРµ РѕС‚РІРµС‚Р° СЃРµСЂРІРµСЂР°
2017-05-02 02:11:45 INFO  Main:62 - РџРѕР»СѓС‡РµРЅ РїР°РєРµС‚: 5
2017-05-02 02:11:55 INFO  DOMParser:70 - РЎРѕР·РґР°РЅ xml С„Р°Р№Р»
2017-05-02 02:11:55 INFO  Main:110 - РћС‚РїСЂР°РІР»РµРЅ РїР°РєРµС‚6
2017-05-02 02:11:55 INFO  Main:47 - РћР¶РёРґР°РЅРёРµ РѕС‚РІРµС‚Р° СЃРµСЂРІРµСЂР°
2017-05-02 02:11:56 INFO  Main:62 - РџРѕР»СѓС‡РµРЅ РїР°РєРµС‚: 6
2017-05-02 02:11:56 INFO  Main:110 - РћС‚РїСЂР°РІР»РµРЅ РїР°РєРµС‚5
2017-05-02 02:11:56 INFO  Main:47 - РћР¶РёРґР°РЅРёРµ РѕС‚РІРµС‚Р° СЃРµСЂРІРµСЂР°
2017-05-02 02:11:56 INFO  Main:62 - РџРѕР»СѓС‡РµРЅ РїР°РєРµС‚: 5
2017-05-02 02:11:57 INFO  Main:110 - РћС‚РїСЂР°РІР»РµРЅ РїР°РєРµС‚7
2017-05-02 02:11:57 INFO  Main:47 - РћР¶РёРґР°РЅРёРµ РѕС‚РІРµС‚Р° СЃРµСЂРІРµСЂР°
2017-05-02 02:11:57 INFO  Main:62 - РџРѕР»СѓС‡РµРЅ РїР°РєРµС‚: 7
2017-05-02 02:13:19 INFO  Main:76 - РћС‚РєР»СЋС‡РµРЅРёРµ
2017-05-02 02:17:36 INFO  Main:91 - РџРѕРґРєР»СЋС‡РµРЅРёРµ
2017-05-02 02:17:39 INFO  Main:110 - РћС‚РїСЂР°РІР»РµРЅ РїР°РєРµС‚2
2017-05-02 02:17:39 INFO  Main:47 - РћР¶РёРґР°РЅРёРµ РѕС‚РІРµС‚Р° СЃРµСЂРІРµСЂР°
2017-05-02 02:17:40 INFO  Main:62 - РџРѕР»СѓС‡РµРЅ РїР°РєРµС‚: 2
2017-05-02 02:17:40 INFO  Main:110 - РћС‚РїСЂР°РІР»РµРЅ РїР°РєРµС‚5
2017-05-02 02:17:40 INFO  Main:47 - РћР¶РёРґР°РЅРёРµ РѕС‚РІРµС‚Р° СЃРµСЂРІРµСЂР°
2017-05-02 02:17:40 INFO  Main:62 - РџРѕР»СѓС‡РµРЅ РїР°РєРµС‚: 5
2017-05-02 02:17:44 INFO  DOMParser:70 - РЎРѕР·РґР°РЅ xml С„Р°Р№Р»
2017-05-02 02:17:44 INFO  Main:110 - РћС‚РїСЂР°РІР»РµРЅ РїР°РєРµС‚6
2017-05-02 02:17:44 INFO  Main:47 - РћР¶РёРґР°РЅРёРµ РѕС‚РІРµС‚Р° СЃРµСЂРІРµСЂР°
2017-05-02 02:17:44 INFO  Main:62 - РџРѕР»СѓС‡РµРЅ РїР°РєРµС‚: 6
2017-05-02 02:17:44 INFO  Main:110 - РћС‚РїСЂР°РІР»РµРЅ РїР°РєРµС‚5
2017-05-02 02:17:44 INFO  Main:47 - РћР¶РёРґР°РЅРёРµ РѕС‚РІРµС‚Р° СЃРµСЂРІРµСЂР°
2017-05-02 02:17:45 INFO  Main:62 - РџРѕР»СѓС‡РµРЅ РїР°РєРµС‚: 5
2017-05-02 02:17:48 INFO  Main:110 - РћС‚РїСЂР°РІР»РµРЅ РїР°РєРµС‚7
2017-05-02 02:17:48 INFO  Main:47 - РћР¶РёРґР°РЅРёРµ РѕС‚РІРµС‚Р° СЃРµСЂРІРµСЂР°
2017-05-02 02:17:48 INFO  Main:62 - РџРѕР»СѓС‡РµРЅ РїР°РєРµС‚: 7
2017-05-02 02:17:58 INFO  Main:110 - РћС‚РїСЂР°РІР»РµРЅ РїР°РєРµС‚7
2017-05-02 02:17:58 INFO  Main:47 - РћР¶РёРґР°РЅРёРµ РѕС‚РІРµС‚Р° СЃРµСЂРІРµСЂР°
2017-05-02 02:17:58 INFO  Main:62 - РџРѕР»СѓС‡РµРЅ РїР°РєРµС‚: 7
2017-05-02 02:18:01 INFO  Main:110 - РћС‚РїСЂР°РІР»РµРЅ РїР°РєРµС‚7
2017-05-02 02:18:01 INFO  Main:47 - РћР¶РёРґР°РЅРёРµ РѕС‚РІРµС‚Р° СЃРµСЂРІРµСЂР°
2017-05-02 02:18:01 INFO  Main:62 - РџРѕР»СѓС‡РµРЅ РїР°РєРµС‚: 7
2017-05-02 02:18:03 INFO  Main:110 - РћС‚РїСЂР°РІР»РµРЅ РїР°РєРµС‚7
2017-05-02 02:18:03 INFO  Main:47 - РћР¶РёРґР°РЅРёРµ РѕС‚РІРµС‚Р° СЃРµСЂРІРµСЂР°
2017-05-02 02:18:03 INFO  Main:62 - РџРѕР»СѓС‡РµРЅ РїР°РєРµС‚: 7
2017-05-02 02:18:06 INFO  Main:110 - РћС‚РїСЂР°РІР»РµРЅ РїР°РєРµС‚7
2017-05-02 02:18:06 INFO  Main:47 - РћР¶РёРґР°РЅРёРµ РѕС‚РІРµС‚Р° СЃРµСЂРІРµСЂР°
2017-05-02 02:18:06 INFO  Main:62 - РџРѕР»СѓС‡РµРЅ РїР°РєРµС‚: 7
2017-05-02 02:18:07 INFO  Main:110 - РћС‚РїСЂР°РІР»РµРЅ РїР°РєРµС‚7
2017-05-02 02:18:07 INFO  Main:47 - РћР¶РёРґР°РЅРёРµ РѕС‚РІРµС‚Р° СЃРµСЂРІРµСЂР°
2017-05-02 02:18:07 INFO  Main:62 - РџРѕР»СѓС‡РµРЅ РїР°РєРµС‚: 7
2017-05-02 02:18:09 INFO  Main:110 - РћС‚РїСЂР°РІР»РµРЅ РїР°РєРµС‚7
2017-05-02 02:18:09 INFO  Main:47 - РћР¶РёРґР°РЅРёРµ РѕС‚РІРµС‚Р° СЃРµСЂРІРµСЂР°
2017-05-02 02:18:09 INFO  Main:62 - РџРѕР»СѓС‡РµРЅ РїР°РєРµС‚: 7
2017-05-02 02:18:21 INFO  DOMParser:70 - РЎРѕР·РґР°РЅ xml С„Р°Р№Р»
2017-05-02 02:18:21 INFO  Main:110 - РћС‚РїСЂР°РІР»РµРЅ РїР°РєРµС‚6
2017-05-02 02:18:21 INFO  Main:47 - РћР¶РёРґР°РЅРёРµ РѕС‚РІРµС‚Р° СЃРµСЂРІРµСЂР°
2017-05-02 02:18:21 INFO  Main:62 - РџРѕР»СѓС‡РµРЅ РїР°РєРµС‚: 6
2017-05-02 02:18:21 INFO  Main:110 - РћС‚РїСЂР°РІР»РµРЅ РїР°РєРµС‚5
2017-05-02 02:18:21 INFO  Main:47 - РћР¶РёРґР°РЅРёРµ РѕС‚РІРµС‚Р° СЃРµСЂРІРµСЂР°
2017-05-02 02:18:21 INFO  Main:62 - РџРѕР»СѓС‡РµРЅ РїР°РєРµС‚: 5
2017-05-02 02:18:23 INFO  Main:110 - РћС‚РїСЂР°РІР»РµРЅ РїР°РєРµС‚7
2017-05-02 02:18:23 INFO  Main:47 - РћР¶РёРґР°РЅРёРµ РѕС‚РІРµС‚Р° СЃРµСЂРІРµСЂР°
2017-05-02 02:18:23 INFO  Main:62 - РџРѕР»СѓС‡РµРЅ РїР°РєРµС‚: 7
2017-05-02 02:18:25 INFO  Main:76 - РћС‚РєР»СЋС‡РµРЅРёРµ
2017-05-02 02:22:13 INFO  Main:91 - РџРѕРґРєР»СЋС‡РµРЅРёРµ
2017-05-02 02:22:19 INFO  Main:110 - РћС‚РїСЂР°РІР»РµРЅ РїР°РєРµС‚2
2017-05-02 02:22:19 INFO  Main:47 - РћР¶РёРґР°РЅРёРµ РѕС‚РІРµС‚Р° СЃРµСЂРІРµСЂР°
2017-05-02 02:22:19 INFO  Main:62 - РџРѕР»СѓС‡РµРЅ РїР°РєРµС‚: 2
2017-05-02 02:22:19 INFO  Main:110 - РћС‚РїСЂР°РІР»РµРЅ РїР°РєРµС‚5
2017-05-02 02:22:19 INFO  Main:47 - РћР¶РёРґР°РЅРёРµ РѕС‚РІРµС‚Р° СЃРµСЂРІРµСЂР°
2017-05-02 02:22:19 INFO  Main:62 - РџРѕР»СѓС‡РµРЅ РїР°РєРµС‚: 5
2017-05-02 02:22:27 INFO  DOMParser:70 - РЎРѕР·РґР°РЅ xml С„Р°Р№Р»
2017-05-02 02:22:27 INFO  Main:110 - РћС‚РїСЂР°РІР»РµРЅ РїР°РєРµС‚6
2017-05-02 02:22:27 INFO  Main:47 - РћР¶РёРґР°РЅРёРµ РѕС‚РІРµС‚Р° СЃРµСЂРІРµСЂР°
2017-05-02 02:22:27 INFO  Main:62 - РџРѕР»СѓС‡РµРЅ РїР°РєРµС‚: 6
2017-05-02 02:22:27 INFO  Main:110 - РћС‚РїСЂР°РІР»РµРЅ РїР°РєРµС‚5
2017-05-02 02:22:27 INFO  Main:47 - РћР¶РёРґР°РЅРёРµ РѕС‚РІРµС‚Р° СЃРµСЂРІРµСЂР°
2017-05-02 02:22:27 INFO  Main:62 - РџРѕР»СѓС‡РµРЅ РїР°РєРµС‚: 5
2017-05-02 02:22:28 INFO  Main:110 - РћС‚РїСЂР°РІР»РµРЅ РїР°РєРµС‚7
2017-05-02 02:22:28 INFO  Main:47 - РћР¶РёРґР°РЅРёРµ РѕС‚РІРµС‚Р° СЃРµСЂРІРµСЂР°
2017-05-02 02:22:28 INFO  Main:62 - РџРѕР»СѓС‡РµРЅ РїР°РєРµС‚: 7
2017-05-02 02:22:30 INFO  Main:110 - РћС‚РїСЂР°РІР»РµРЅ РїР°РєРµС‚7
2017-05-02 02:22:30 INFO  Main:47 - РћР¶РёРґР°РЅРёРµ РѕС‚РІРµС‚Р° СЃРµСЂРІРµСЂР°
2017-05-02 02:22:30 INFO  Main:62 - РџРѕР»СѓС‡РµРЅ РїР°РєРµС‚: 7
2017-05-02 02:22:38 INFO  DOMParser:70 - РЎРѕР·РґР°РЅ xml С„Р°Р№Р»
2017-05-02 02:22:38 INFO  Main:110 - РћС‚РїСЂР°РІР»РµРЅ РїР°РєРµС‚8
2017-05-02 02:22:38 INFO  Main:47 - РћР¶РёРґР°РЅРёРµ РѕС‚РІРµС‚Р° СЃРµСЂРІРµСЂР°
2017-05-02 02:22:38 INFO  Main:62 - РџРѕР»СѓС‡РµРЅ РїР°РєРµС‚: 8
2017-05-02 02:22:38 INFO  Main:110 - РћС‚РїСЂР°РІР»РµРЅ РїР°РєРµС‚5
2017-05-02 02:22:38 INFO  Main:47 - РћР¶РёРґР°РЅРёРµ РѕС‚РІРµС‚Р° СЃРµСЂРІРµСЂР°
2017-05-02 02:22:38 INFO  Main:62 - РџРѕР»СѓС‡РµРЅ РїР°РєРµС‚: 5
2017-05-02 02:22:39 INFO  Main:110 - РћС‚РїСЂР°РІР»РµРЅ РїР°РєРµС‚7
2017-05-02 02:22:39 INFO  Main:47 - РћР¶РёРґР°РЅРёРµ РѕС‚РІРµС‚Р° СЃРµСЂРІРµСЂР°
2017-05-02 02:22:39 INFO  Main:62 - РџРѕР»СѓС‡РµРЅ РїР°РєРµС‚: 7
2017-05-02 02:22:41 INFO  Main:110 - РћС‚РїСЂР°РІР»РµРЅ РїР°РєРµС‚7
2017-05-02 02:22:41 INFO  Main:47 - РћР¶РёРґР°РЅРёРµ РѕС‚РІРµС‚Р° СЃРµСЂРІРµСЂР°
2017-05-02 02:22:41 INFO  Main:62 - РџРѕР»СѓС‡РµРЅ РїР°РєРµС‚: 7
2017-05-02 02:22:54 INFO  DOMParser:70 - РЎРѕР·РґР°РЅ xml С„Р°Р№Р»
2017-05-02 02:22:54 INFO  Main:110 - РћС‚РїСЂР°РІР»РµРЅ РїР°РєРµС‚8
2017-05-02 02:22:54 INFO  Main:47 - РћР¶РёРґР°РЅРёРµ РѕС‚РІРµС‚Р° СЃРµСЂРІРµСЂР°
2017-05-02 02:22:54 INFO  Main:62 - РџРѕР»СѓС‡РµРЅ РїР°РєРµС‚: 8
2017-05-02 02:22:54 INFO  Main:110 - РћС‚РїСЂР°РІР»РµРЅ РїР°РєРµС‚5
2017-05-02 02:22:54 INFO  Main:47 - РћР¶РёРґР°РЅРёРµ РѕС‚РІРµС‚Р° СЃРµСЂРІРµСЂР°
2017-05-02 02:22:54 INFO  Main:62 - РџРѕР»СѓС‡РµРЅ РїР°РєРµС‚: 5
2017-05-02 02:24:05 INFO  Main:76 - РћС‚РєР»СЋС‡РµРЅРёРµ
2017-05-02 02:24:29 INFO  Main:91 - Подключение
2017-05-02 02:24:33 INFO  Main:110 - Отправлен пакет2
2017-05-02 02:24:33 INFO  Main:47 - Ожидание ответа сервера
2017-05-02 02:24:33 INFO  Main:62 - Получен пакет: 2
2017-05-02 02:24:34 INFO  Main:110 - Отправлен пакет5
2017-05-02 02:24:34 INFO  Main:47 - Ожидание ответа сервера
2017-05-02 02:24:34 INFO  Main:62 - Получен пакет: 5
2017-05-02 02:24:46 INFO  Main:110 - Отправлен пакет7
2017-05-02 02:24:46 INFO  Main:47 - Ожидание ответа сервера
2017-05-02 02:24:46 INFO  Main:62 - Получен пакет: 7
2017-05-02 02:24:50 INFO  Main:110 - Отправлен пакет7
2017-05-02 02:24:50 INFO  Main:47 - Ожидание ответа сервера
2017-05-02 02:24:50 INFO  Main:62 - Получен пакет: 7
2017-05-02 02:24:57 INFO  DOMParser:70 - Создан xml файл
2017-05-02 02:24:57 INFO  Main:110 - Отправлен пакет6
2017-05-02 02:24:57 INFO  Main:47 - Ожидание ответа сервера
2017-05-02 02:24:57 INFO  Main:62 - Получен пакет: 6
2017-05-02 02:24:57 INFO  Main:110 - Отправлен пакет5
2017-05-02 02:24:57 INFO  Main:47 - Ожидание ответа сервера
2017-05-02 02:24:57 INFO  Main:62 - Получен пакет: 5
2017-05-02 02:24:59 INFO  Main:110 - Отправлен пакет7
2017-05-02 02:24:59 INFO  Main:47 - Ожидание ответа сервера
2017-05-02 02:24:59 INFO  Main:62 - Получен пакет: 7
2017-05-02 02:25:08 INFO  Main:76 - Отключение
2017-05-02 02:55:38 INFO  Main:91 - РџРѕРґРєР»СЋС‡РµРЅРёРµ
2017-05-02 02:55:41 INFO  Main:110 - РћС‚РїСЂР°РІР»РµРЅ РїР°РєРµС‚2
2017-05-02 02:55:41 INFO  Main:47 - РћР¶РёРґР°РЅРёРµ РѕС‚РІРµС‚Р° СЃРµСЂРІРµСЂР°
2017-05-02 02:55:41 INFO  Main:62 - РџРѕР»СѓС‡РµРЅ РїР°РєРµС‚: 2
2017-05-02 02:55:42 INFO  Main:110 - РћС‚РїСЂР°РІР»РµРЅ РїР°РєРµС‚5
2017-05-02 02:55:42 INFO  Main:47 - РћР¶РёРґР°РЅРёРµ РѕС‚РІРµС‚Р° СЃРµСЂРІРµСЂР°
2017-05-02 02:55:42 INFO  Main:62 - РџРѕР»СѓС‡РµРЅ РїР°РєРµС‚: 5
2017-05-02 02:55:48 INFO  DOMParser:70 - РЎРѕР·РґР°РЅ xml С„Р°Р№Р»
2017-05-02 02:55:48 INFO  Main:110 - РћС‚РїСЂР°РІР»РµРЅ РїР°РєРµС‚6
2017-05-02 02:55:48 INFO  Main:47 - РћР¶РёРґР°РЅРёРµ РѕС‚РІРµС‚Р° СЃРµСЂРІРµСЂР°
2017-05-02 03:02:00 INFO  Main:91 - РџРѕРґРєР»СЋС‡РµРЅРёРµ
2017-05-02 03:02:02 INFO  Main:110 - РћС‚РїСЂР°РІР»РµРЅ РїР°РєРµС‚2
2017-05-02 03:02:02 INFO  Main:47 - РћР¶РёРґР°РЅРёРµ РѕС‚РІРµС‚Р° СЃРµСЂРІРµСЂР°
2017-05-02 03:02:03 INFO  Main:62 - РџРѕР»СѓС‡РµРЅ РїР°РєРµС‚: 2
2017-05-02 03:02:03 INFO  Main:110 - РћС‚РїСЂР°РІР»РµРЅ РїР°РєРµС‚5
2017-05-02 03:02:03 INFO  Main:47 - РћР¶РёРґР°РЅРёРµ РѕС‚РІРµС‚Р° СЃРµСЂРІРµСЂР°
2017-05-02 03:02:03 INFO  Main:62 - РџРѕР»СѓС‡РµРЅ РїР°РєРµС‚: 5
2017-05-02 03:02:10 INFO  DOMParser:70 - РЎРѕР·РґР°РЅ xml С„Р°Р№Р»
2017-05-02 03:02:10 INFO  Main:110 - РћС‚РїСЂР°РІР»РµРЅ РїР°РєРµС‚6
2017-05-02 03:02:10 INFO  Main:47 - РћР¶РёРґР°РЅРёРµ РѕС‚РІРµС‚Р° СЃРµСЂРІРµСЂР°
2017-05-02 03:02:10 INFO  Main:62 - РџРѕР»СѓС‡РµРЅ РїР°РєРµС‚: 6
2017-05-02 03:02:10 INFO  Main:110 - РћС‚РїСЂР°РІР»РµРЅ РїР°РєРµС‚5
2017-05-02 03:02:10 INFO  Main:47 - РћР¶РёРґР°РЅРёРµ РѕС‚РІРµС‚Р° СЃРµСЂРІРµСЂР°
2017-05-02 03:02:10 INFO  Main:62 - РџРѕР»СѓС‡РµРЅ РїР°РєРµС‚: 5
2017-05-02 03:02:12 INFO  Main:110 - РћС‚РїСЂР°РІР»РµРЅ РїР°РєРµС‚7
2017-05-02 03:02:12 INFO  Main:47 - РћР¶РёРґР°РЅРёРµ РѕС‚РІРµС‚Р° СЃРµСЂРІРµСЂР°
2017-05-02 03:02:12 INFO  Main:62 - РџРѕР»СѓС‡РµРЅ РїР°РєРµС‚: 7
2017-05-02 03:02:38 INFO  Main:76 - РћС‚РєР»СЋС‡РµРЅРёРµ
2017-05-02 03:08:45 INFO  Main:91 - РџРѕРґРєР»СЋС‡РµРЅРёРµ
2017-05-02 03:08:48 INFO  Main:110 - РћС‚РїСЂР°РІР»РµРЅ РїР°РєРµС‚2
2017-05-02 03:08:48 INFO  Main:47 - РћР¶РёРґР°РЅРёРµ РѕС‚РІРµС‚Р° СЃРµСЂРІРµСЂР°
2017-05-02 03:08:48 INFO  Main:62 - РџРѕР»СѓС‡РµРЅ РїР°РєРµС‚: 2
2017-05-02 03:08:48 INFO  Main:110 - РћС‚РїСЂР°РІР»РµРЅ РїР°РєРµС‚5
2017-05-02 03:08:48 INFO  Main:47 - РћР¶РёРґР°РЅРёРµ РѕС‚РІРµС‚Р° СЃРµСЂРІРµСЂР°
2017-05-02 03:08:48 INFO  Main:62 - РџРѕР»СѓС‡РµРЅ РїР°РєРµС‚: 5
2017-05-02 03:08:50 INFO  Main:110 - РћС‚РїСЂР°РІР»РµРЅ РїР°РєРµС‚7
2017-05-02 03:08:50 INFO  Main:47 - РћР¶РёРґР°РЅРёРµ РѕС‚РІРµС‚Р° СЃРµСЂРІРµСЂР°
2017-05-02 03:08:50 INFO  Main:62 - РџРѕР»СѓС‡РµРЅ РїР°РєРµС‚: 7
2017-05-02 03:08:53 INFO  DOMParser:70 - РЎРѕР·РґР°РЅ xml С„Р°Р№Р»
2017-05-02 03:08:53 INFO  Main:110 - РћС‚РїСЂР°РІР»РµРЅ РїР°РєРµС‚8
2017-05-02 03:08:53 INFO  Main:47 - РћР¶РёРґР°РЅРёРµ РѕС‚РІРµС‚Р° СЃРµСЂРІРµСЂР°
2017-05-02 03:08:54 INFO  Main:62 - РџРѕР»СѓС‡РµРЅ РїР°РєРµС‚: 8
2017-05-02 03:08:54 INFO  Main:110 - РћС‚РїСЂР°РІР»РµРЅ РїР°РєРµС‚5
2017-05-02 03:08:54 INFO  Main:47 - РћР¶РёРґР°РЅРёРµ РѕС‚РІРµС‚Р° СЃРµСЂРІРµСЂР°
2017-05-02 03:08:54 INFO  Main:62 - РџРѕР»СѓС‡РµРЅ РїР°РєРµС‚: 5
2017-05-02 03:08:55 INFO  Main:110 - РћС‚РїСЂР°РІР»РµРЅ РїР°РєРµС‚7
2017-05-02 03:08:55 INFO  Main:47 - РћР¶РёРґР°РЅРёРµ РѕС‚РІРµС‚Р° СЃРµСЂРІРµСЂР°
2017-05-02 03:08:55 INFO  Main:62 - РџРѕР»СѓС‡РµРЅ РїР°РєРµС‚: 7
2017-05-02 03:08:57 INFO  Main:110 - РћС‚РїСЂР°РІР»РµРЅ РїР°РєРµС‚7
2017-05-02 03:08:57 INFO  Main:47 - РћР¶РёРґР°РЅРёРµ РѕС‚РІРµС‚Р° СЃРµСЂРІРµСЂР°
2017-05-02 03:08:57 INFO  Main:62 - РџРѕР»СѓС‡РµРЅ РїР°РєРµС‚: 7
2017-05-02 03:09:00 INFO  DOMParser:70 - РЎРѕР·РґР°РЅ xml С„Р°Р№Р»
2017-05-02 03:09:00 INFO  Main:110 - РћС‚РїСЂР°РІР»РµРЅ РїР°РєРµС‚8
2017-05-02 03:09:00 INFO  Main:47 - РћР¶РёРґР°РЅРёРµ РѕС‚РІРµС‚Р° СЃРµСЂРІРµСЂР°
2017-05-02 03:09:00 INFO  Main:62 - РџРѕР»СѓС‡РµРЅ РїР°РєРµС‚: 8
2017-05-02 03:09:00 INFO  Main:110 - РћС‚РїСЂР°РІР»РµРЅ РїР°РєРµС‚5
2017-05-02 03:09:00 INFO  Main:47 - РћР¶РёРґР°РЅРёРµ РѕС‚РІРµС‚Р° СЃРµСЂРІРµСЂР°
2017-05-02 03:09:01 INFO  Main:62 - РџРѕР»СѓС‡РµРЅ РїР°РєРµС‚: 5
2017-05-02 03:09:02 INFO  Main:110 - РћС‚РїСЂР°РІР»РµРЅ РїР°РєРµС‚7
2017-05-02 03:09:02 INFO  Main:47 - РћР¶РёРґР°РЅРёРµ РѕС‚РІРµС‚Р° СЃРµСЂРІРµСЂР°
2017-05-02 03:09:02 INFO  Main:62 - РџРѕР»СѓС‡РµРЅ РїР°РєРµС‚: 7
2017-05-02 03:09:04 INFO  Main:76 - РћС‚РєР»СЋС‡РµРЅРёРµ
